TN:
SF:src/events/payment.ts
FN:3,<instance_members_initializer>
FN:6,Payment
FN:10,creditCard
FN:15,loan
FNF:4
FNH:4
FNDA:2,<instance_members_initializer>
FNDA:2,Payment
FNDA:1,creditCard
FNDA:1,loan
DA:1,1
DA:2,1
DA:3,2
DA:4,2
DA:5,2
DA:6,2
DA:7,2
DA:8,2
DA:9,2
DA:10,2
DA:11,1
DA:12,1
DA:13,1
DA:14,2
DA:15,2
DA:16,1
DA:17,1
DA:18,1
DA:19,2
LF:19
LH:19
BRDA:3,0,0,2
BRDA:6,1,0,2
BRDA:10,2,0,1
BRDA:15,3,0,1
BRF:4
BRH:4
end_of_record
TN:
SF:src/observers/marketing.ts
FN:4,update
FNF:1
FNH:1
FNDA:1,update
DA:1,1
DA:2,1
DA:3,1
DA:4,1
DA:5,1
DA:6,1
DA:7,1
DA:8,1
DA:9,1
LF:9
LH:9
BRDA:4,0,0,1
BRF:1
BRH:1
end_of_record
TN:
SF:src/observers/shipment.ts
FN:4,update
FNF:1
FNH:1
FNDA:1,update
DA:1,1
DA:2,1
DA:3,1
DA:4,1
DA:5,1
DA:6,1
DA:7,1
DA:8,1
DA:9,1
LF:9
LH:9
BRDA:4,0,0,1
BRF:1
BRH:1
end_of_record
TN:
SF:src/subjects/paymentSubject.ts
FN:3,<instance_members_initializer>
FN:6,notify
FN:10,subscribe
FN:14,unsubscribe
FNF:4
FNH:4
FNDA:4,<instance_members_initializer>
FNDA:4,notify
FNDA:4,subscribe
FNDA:1,unsubscribe
DA:1,1
DA:2,1
DA:3,4
DA:4,4
DA:5,4
DA:6,4
DA:7,4
DA:8,4
DA:9,4
DA:10,4
DA:11,4
DA:12,4
DA:13,4
DA:14,4
DA:15,1
DA:16,1
DA:17,4
LF:17
LH:17
BRDA:3,0,0,4
BRDA:6,1,0,4
BRDA:7,2,0,3
BRDA:10,3,0,4
BRDA:14,4,0,1
BRF:5
BRH:5
end_of_record
